<?xml version="1.0" encoding="UTF-8"?>
<testsuite xmlns:xsi="http://www.w3.org/2001/XMLSchema-instance" xsi:noNamespaceSchemaLocation="https://maven.apache.org/surefire/maven-surefire-plugin/xsd/surefire-test-report.xsd" name="tn.esprit.spring.SubscriptionServicesImplTest" time="0.046" tests="1" errors="1" skipped="0" failures="0">
  <properties>
[...]
</properties>
  <testcase name="testRetrieveSubscriptions" classname="tn.esprit.spring.SubscriptionServicesImplTest" time="0.045">
    <error type="java.lang.NullPointerException">java.lang.NullPointerException
	at tn.esprit.spring.SubscriptionServicesImplTest.testRetrieveSubscriptions(SubscriptionServicesImplTest.java:26)
</error>
    <system-out><![CDATA[=2023-11-14 18:03:14 -  INFO - o.s.b.t.c.SpringBootTestContextBootstrapper - Neither @ContextConfiguration nor @ContextHierarchy found for test class [tn.esprit.spring.SubscriptionServicesImplTest], using SpringBootContextLoader 
=2023-11-14 18:03:14 -  INFO - o.s.t.context.support.AbstractContextLoader - Could not detect default resource locations for test class [tn.esprit.spring.SubscriptionServicesImplTest]: no resource found for suffixes {-context.xml, Context.groovy}. 
=2023-11-14 18:03:14 -  INFO - o.s.t.c.s.AnnotationConfigContextLoaderUtils - Could not detect default configuration classes for test class [tn.esprit.spring.SubscriptionServicesImplTest]: SubscriptionServicesImplTest does not declare any static, non-private, non-final, nested classes annotated with @Configuration. 
=2023-11-14 18:03:14 -  INFO - o.s.b.t.c.SpringBootTestContextBootstrapper - Found @SpringBootConfiguration tn.esprit.spring.GestionStationSkiApplication for test class tn.esprit.spring.SubscriptionServicesImplTest 
=2023-11-14 18:03:14 -  INFO - o.s.b.t.c.SpringBootTestContextBootstrapper - Loaded default TestExecutionListener class names from location [META-INF/spring.factories]: [org.springframework.boot.test.mock.mockito.MockitoTestExecutionListener, org.springframework.boot.test.mock.mockito.ResetMocksTestExecutionListener, org.springframework.boot.test.autoconfigure.restdocs.RestDocsTestExecutionListener, org.springframework.boot.test.autoconfigure.web.client.MockRestServiceServerResetTestExecutionListener, org.springframework.boot.test.autoconfigure.web.servlet.MockMvcPrintOnlyOnFailureTestExecutionListener, org.springframework.boot.test.autoconfigure.web.servlet.WebDriverTestExecutionListener, org.springframework.boot.test.autoconfigure.webservices.client.MockWebServiceServerTestExecutionListener, org.springframework.test.context.web.ServletTestExecutionListener, org.springframework.test.context.support.DirtiesContextBeforeModesTestExecutionListener, org.springframework.test.context.event.ApplicationEventsTestExecutionListener, org.springframework.test.context.support.DependencyInjectionTestExecutionListener, org.springframework.test.context.support.DirtiesContextTestExecutionListener, org.springframework.test.context.transaction.TransactionalTestExecutionListener, org.springframework.test.context.jdbc.SqlScriptsTestExecutionListener, org.springframework.test.context.event.EventPublishingTestExecutionListener] 
=2023-11-14 18:03:14 -  INFO - o.s.b.t.c.SpringBootTestContextBootstrapper - Using TestExecutionListeners: [org.springframework.test.context.web.ServletTestExecutionListener@77b1470c, org.springframework.test.context.support.DirtiesContextBeforeModesTestExecutionListener@9fd782b, org.springframework.test.context.event.ApplicationEventsTestExecutionListener@43da71d6, org.springframework.boot.test.mock.mockito.MockitoTestExecutionListener@18f36234, org.springframework.boot.test.autoconfigure.SpringBootDependencyInjectionTestExecutionListener@6507df01, org.springframework.test.context.support.DirtiesContextTestExecutionListener@7d9dfaa, org.springframework.test.context.transaction.TransactionalTestExecutionListener@179d4a46, org.springframework.test.context.jdbc.SqlScriptsTestExecutionListener@147c6843, org.springframework.test.context.event.EventPublishingTestExecutionListener@4f58421a, org.springframework.boot.test.mock.mockito.ResetMocksTestExecutionListener@6b5f0d4, org.springframework.boot.test.autoconfigure.restdocs.RestDocsTestExecutionListener@7b87453e, org.springframework.boot.test.autoconfigure.web.client.MockRestServiceServerResetTestExecutionListener@c4e147d, org.springframework.boot.test.autoconfigure.web.servlet.MockMvcPrintOnlyOnFailureTestExecutionListener@10bcf7c, org.springframework.boot.test.autoconfigure.web.servlet.WebDriverTestExecutionListener@2891acd9, org.springframework.boot.test.autoconfigure.webservices.client.MockWebServiceServerTestExecutionListener@69fea240] 
Hibernate: select distinct subscripti0_.num_sub as num_sub1_7_, subscripti0_.end_date as end_date2_7_, subscripti0_.price as price3_7_, subscripti0_.start_date as start_da4_7_, subscripti0_.type_sub as type_sub5_7_ from subscription subscripti0_ where subscripti0_.end_date<=CURRENT_TIME order by subscripti0_.end_date
]]></system-out>
  </testcase>
</testsuite>