-------------------------------------------------------------------------------
Test set: tn.esprit.spring.tests.CourseServiceImplTest
-------------------------------------------------------------------------------
Tests run: 4, Failures: 0, Errors: 1, Skipped: 0, Time elapsed: 0.127 s <<< FAILURE! - in tn.esprit.spring.tests.CourseServiceImplTest
testretrieveCourse  Time elapsed: 0.012 s  <<< ERROR!
org.springframework.dao.InvalidDataAccessApiUsageException: The given id must not be null!; nested exception is java.lang.IllegalArgumentException: The given id must not be null!
	at tn.esprit.spring.tests.CourseServiceImplTest.testretrieveCourse(CourseServiceImplTest.java:43)
Caused by: java.lang.IllegalArgumentException: The given id must not be null!
	at tn.esprit.spring.tests.CourseServiceImplTest.testretrieveCourse(CourseServiceImplTest.java:43)

